2023-02-02 11:21:11,183 - importer - ERROR - Full import > [Errno 2] No such file or directory: '/data/chenc/2023/PKG/data/users/PKG_users.xlsx'.
2023-02-02 11:55:04,255 - loader - ERROR - Error loading: File does not exist. Query: 
LOAD CSV WITH HEADERS FROM "file:////data/chenc/2023/PKG/data/imports/curated/protein_is_qcmarker_in_tissue.tsv" AS line FIELDTERMINATOR '\t' CALL {
    WITH line
    MATCH (p:Protein{id:line.START_ID})
    MATCH (t:Tissue{id:line.END_ID})
    MERGE (p)-[r:IS_QCMARKER_IN_TISSUE{class:line.class}]->(t)
    
} IN TRANSACTIONS OF 10000 ROWS
2023-02-02 12:00:27,667 - loader - ERROR - Error loading: File does not exist. Query: 
LOAD CSV WITH HEADERS FROM "file:////data/chenc/2023/PKG/data/imports/databases/oncokb_targets.tsv" AS line FIELDTERMINATOR '\t' CALL {
    WITH line
    MATCH (d:Drug {id:line.START_ID})
    MATCH (g:Gene {id:line.END_ID})
    MERGE (d)-[r:CURATED_TARGETS{source:line.source,interaction_type:line.type, evidence:line.evidence, response:line.response, disease:line.disease, score:line.type}]->(g)
    
} IN TRANSACTIONS OF 10000 ROWS
2023-02-02 12:00:49,320 - loader - ERROR - Error loading: File does not exist. Query: 
LOAD CSV WITH HEADERS FROM "file:////data/chenc/2023/PKG/data/imports/databases/foodb_food_has_content.tsv" AS line FIELDTERMINATOR '\t' CALL {
    WITH line
    MATCH (f:Food{id:line.START_ID})
    MATCH (m:Metabolite{id:line.END_ID})
    MERGE (f)-[r:HAS_CONTENT{minimum:line.min,maximum:line.max,average:line.average,units:line.units,source:line.source}]->(m)
    
} IN TRANSACTIONS OF 10000 ROWS
